<?xml version="1.0" encoding="UTF-8"?>
<!-- Generated by org.testng.reporters.JUnitReportReporter -->
<testsuite hostname="Alomari" failures="0" tests="7" name="Magento_Test" time="204.569" errors="0" timestamp="2023-03-27T23:34:03 AST" skipped="0">
  <testcase classname="Magento_Test" name="sign_up" time="7.719"/>
  <system-out/>
  <testcase classname="Magento_Test" name="search_bar" time="0.103"/>
  <system-out/>
  <testcase classname="Magento_Test" name="home_page_items_test" time="86.065"/>
  <system-out/>
  <testcase classname="Magento_Test" name="CHECKOUT" time="12.055"/>
  <system-out/>
  <testcase classname="Magento_Test" name="PLACE_ORDER" time="11.866"/>
  <system-out/>
  <testcase classname="Magento_Test" name="re_order" time="51.416"/>
  <system-out/>
  <testcase classname="Magento_Test" name="invoices_5" time="35.345"/>
  <system-out/>
</testsuite> <!-- Magento_Test -->
